Command line:
"travis"


   ________                                 __
  /        |                               /  |
  ########/ ______    ______    __     __  ##/    _______
     ## |  /      \  /      \  /  \   /  | /  |  /       |
     ## | /######  | ######  | ##  \ /##/  ## | /#######/
     ## | ## |  ##/  /    ## |  ##  /##/   ## | ##      \
     ## | ## |      /####### |   ## ##/    ## |  ######  |
     ## | ## |      ##    ## |    ###/     ## | /     ##/
     ##/  ##/        #######/      #/      ##/  #######/

     TRajectory Analyzer and VISualizer  -  Open-source freeware under GNU GPL v3

     Copyright (c) Martin Brehm      (2009-2014)
                   Martin Thomas     (2012-2014)
                   Barbara Kirchner  (2009-2014)
                   University of Leipzig / University of Bonn.

     http://www.travis-analyzer.de

     Please cite:
     M. Brehm and B. Kirchner, J. Chem. Inf. Model. 2011, 51 (8), pp 2007-2023.

     There is absolutely no warranty on any results obtained from TRAVIS.

  #  Running on r-u-comedy-me at Sun Apr 10 23:31:50 2016 (PID 5480).
  #  Running in /home/samundrak/coding-test
  #  Source code version: Jan 17 2014.
  #  Compiled at Jan 19 2014 05:14:42.
  #  Compiler version: 4.8.2
  #  Target platform: Linux
  #  Compile flags: DEBUG_ARRAYS 
  #  Machine: int=4b, long=4b, addr=4b, 0xA0B0C0D0=D0,C0,B0,A0.
  #  User home: /home/samundrak
  #  Exe path: /usr/bin/travis
  #  Input from terminal, Output to terminal

 >>> Please use a color scheme with dark background or specify "-nocolor"! <<<

    Loading configuration from /home/samundrak/.travis.conf ...

    No trajectory file specified.
    Please use the -p flag to specify an input trajectory in the command line.

    Enter the file name of the trajectory file to open: [Quit] 

*** SIGINT caught: Hard interrupt by user ***
Stopping Execution.
Decoding line numbers... ("addr2line <addr> -f -i -C -e /usr/bin/travis")
 # 16 - [0x080989cd] - ?? - ??:0 
 # 15 - [0x08098f6c] - ?? - ??:0 
 # 14 - [0x08099036] - ?? - ??:0 
 # 13 - [0xb76ee404] - ?? - ??:0 
 # 12 - [0xb76ee426] - ?? - ??:0 
 # 11 - [0xb74b2bf3] - ?? - ??:0 
 # 10 - [0xb7447c73] - ?? - ??:0 
 #  9 - [0xb7448b59] - ?? - ??:0 
 #  8 - [0xb744898b] - ?? - ??:0 
 #  7 - [0xb743cb8a] - ?? - ??:0 
 #  6 - [0xb743ccc7] - ?? - ??:0 
 #  5 - [0xb743bbbe] - ?? - ??:0 
 #  4 - [0x0817f489] - ?? - ??:0 
 #  3 - [0x08052422] - ?? - ??:0 
 #  2 - [0xb73f1a83] - ?? - ??:0 
 #  1 - [0x0807de8a] - ?? - ??:0 
Delivering Control to Operating System.
